{"C:\\Users\\jadso\\OneDrive\\Área de Trabalho\\lds-backend\\src\\config\\database.js": {"path":"C:\\Users\\jadso\\OneDrive\\Área de Trabalho\\lds-backend\\src\\config\\database.js","statementMap":{"0":{"start":{"line":1,"column":17},"end":{"line":1,"column":30}},"1":{"start":{"line":2,"column":0},"end":{"line":2,"column":27}},"2":{"start":{"line":4,"column":13},"end":{"line":9,"column":2}},"3":{"start":{"line":11,"column":0},"end":{"line":11,"column":22}}},"fnMap":{},"branchMap":{},"s":{"0":6,"1":6,"2":6,"3":6},"f":{},"b":{},"_coverageSchema":"1a1c01bbd47fc00a2c39e90264f33305004495a9","hash":"9fc98949d16f1cf2acead2ea6855bd0a21648c92"}
,"C:\\Users\\jadso\\OneDrive\\Área de Trabalho\\lds-backend\\src\\services\\usuarioService.js": {"path":"C:\\Users\\jadso\\OneDrive\\Área de Trabalho\\lds-backend\\src\\services\\usuarioService.js","statementMap":{"0":{"start":{"line":1,"column":13},"end":{"line":1,"column":42}},"1":{"start":{"line":5,"column":2},"end":{"line":22,"column":3}},"2":{"start":{"line":9,"column":6},"end":{"line":9,"column":94}},"3":{"start":{"line":10,"column":19},"end":{"line":15,"column":5}},"4":{"start":{"line":16,"column":19},"end":{"line":16,"column":50}},"5":{"start":{"line":18,"column":4},"end":{"line":18,"column":51}},"6":{"start":{"line":19,"column":4},"end":{"line":19,"column":26}},"7":{"start":{"line":21,"column":4},"end":{"line":21,"column":59}},"8":{"start":{"line":26,"column":2},"end":{"line":40,"column":3}},"9":{"start":{"line":28,"column":6},"end":{"line":28,"column":79}},"10":{"start":{"line":29,"column":19},"end":{"line":29,"column":26}},"11":{"start":{"line":31,"column":19},"end":{"line":31,"column":50}},"12":{"start":{"line":33,"column":4},"end":{"line":35,"column":5}},"13":{"start":{"line":34,"column":6},"end":{"line":34,"column":48}},"14":{"start":{"line":37,"column":4},"end":{"line":37,"column":26}},"15":{"start":{"line":39,"column":4},"end":{"line":39,"column":74}},"16":{"start":{"line":44,"column":2},"end":{"line":54,"column":3}},"17":{"start":{"line":45,"column":18},"end":{"line":45,"column":54}},"18":{"start":{"line":46,"column":19},"end":{"line":46,"column":26}},"19":{"start":{"line":47,"column":19},"end":{"line":47,"column":50}},"20":{"start":{"line":49,"column":4},"end":{"line":49,"column":48}},"21":{"start":{"line":50,"column":4},"end":{"line":50,"column":70}},"22":{"start":{"line":52,"column":4},"end":{"line":52,"column":53}},"23":{"start":{"line":53,"column":4},"end":{"line":53,"column":65}},"24":{"start":{"line":58,"column":2},"end":{"line":77,"column":3}},"25":{"start":{"line":59,"column":18},"end":{"line":59,"column":56}},"26":{"start":{"line":60,"column":19},"end":{"line":60,"column":26}},"27":{"start":{"line":61,"column":19},"end":{"line":61,"column":50}},"28":{"start":{"line":63,"column":4},"end":{"line":65,"column":5}},"29":{"start":{"line":64,"column":6},"end":{"line":64,"column":48}},"30":{"start":{"line":67,"column":17},"end":{"line":67,"column":31}},"31":{"start":{"line":69,"column":4},"end":{"line":71,"column":5}},"32":{"start":{"line":70,"column":6},"end":{"line":70,"column":51}},"33":{"start":{"line":74,"column":4},"end":{"line":74,"column":16}},"34":{"start":{"line":76,"column":4},"end":{"line":76,"column":61}},"35":{"start":{"line":81,"column":2},"end":{"line":119,"column":3}},"36":{"start":{"line":83,"column":28},"end":{"line":83,"column":66}},"37":{"start":{"line":84,"column":29},"end":{"line":84,"column":40}},"38":{"start":{"line":85,"column":17},"end":{"line":85,"column":68}},"39":{"start":{"line":87,"column":4},"end":{"line":89,"column":5}},"40":{"start":{"line":88,"column":6},"end":{"line":88,"column":48}},"41":{"start":{"line":92,"column":22},"end":{"line":92,"column":41}},"42":{"start":{"line":93,"column":23},"end":{"line":93,"column":25}},"43":{"start":{"line":94,"column":21},"end":{"line":94,"column":22}},"44":{"start":{"line":97,"column":4},"end":{"line":104,"column":5}},"45":{"start":{"line":99,"column":6},"end":{"line":103,"column":7}},"46":{"start":{"line":100,"column":8},"end":{"line":100,"column":51}},"47":{"start":{"line":101,"column":8},"end":{"line":101,"column":48}},"48":{"start":{"line":102,"column":8},"end":{"line":102,"column":21}},"49":{"start":{"line":107,"column":4},"end":{"line":107,"column":43}},"50":{"start":{"line":110,"column":4},"end":{"line":110,"column":51}},"51":{"start":{"line":111,"column":4},"end":{"line":111,"column":33}},"52":{"start":{"line":114,"column":4},"end":{"line":114,"column":48}},"53":{"start":{"line":116,"column":4},"end":{"line":116,"column":57}},"54":{"start":{"line":118,"column":4},"end":{"line":118,"column":67}},"55":{"start":{"line":123,"column":2},"end":{"line":136,"column":3}},"56":{"start":{"line":125,"column":6},"end":{"line":125,"column":72}},"57":{"start":{"line":126,"column":19},"end":{"line":126,"column":39}},"58":{"start":{"line":127,"column":19},"end":{"line":127,"column":50}},"59":{"start":{"line":129,"column":4},"end":{"line":131,"column":5}},"60":{"start":{"line":130,"column":6},"end":{"line":130,"column":48}},"61":{"start":{"line":133,"column":4},"end":{"line":133,"column":26}},"62":{"start":{"line":135,"column":4},"end":{"line":135,"column":76}},"63":{"start":{"line":139,"column":0},"end":{"line":146,"column":2}}},"fnMap":{"0":{"name":"createUser","decl":{"start":{"line":4,"column":15},"end":{"line":4,"column":25}},"loc":{"start":{"line":4,"column":40},"end":{"line":23,"column":1}},"line":4},"1":{"name":"getUser","decl":{"start":{"line":25,"column":15},"end":{"line":25,"column":22}},"loc":{"start":{"line":25,"column":30},"end":{"line":41,"column":1}},"line":25},"2":{"name":"deleteUser","decl":{"start":{"line":43,"column":15},"end":{"line":43,"column":25}},"loc":{"start":{"line":43,"column":33},"end":{"line":55,"column":1}},"line":43},"3":{"name":"loginUser","decl":{"start":{"line":57,"column":15},"end":{"line":57,"column":24}},"loc":{"start":{"line":57,"column":42},"end":{"line":78,"column":1}},"line":57},"4":{"name":"updateUser","decl":{"start":{"line":80,"column":15},"end":{"line":80,"column":25}},"loc":{"start":{"line":80,"column":54},"end":{"line":120,"column":1}},"line":80},"5":{"name":"updateProfileImage","decl":{"start":{"line":122,"column":15},"end":{"line":122,"column":33}},"loc":{"start":{"line":122,"column":54},"end":{"line":137,"column":1}},"line":122}},"branchMap":{"0":{"loc":{"start":{"line":33,"column":4},"end":{"line":35,"column":5}},"type":"if","locations":[{"start":{"line":33,"column":4},"end":{"line":35,"column":5}},{"start":{},"end":{}}],"line":33},"1":{"loc":{"start":{"line":63,"column":4},"end":{"line":65,"column":5}},"type":"if","locations":[{"start":{"line":63,"column":4},"end":{"line":65,"column":5}},{"start":{},"end":{}}],"line":63},"2":{"loc":{"start":{"line":69,"column":4},"end":{"line":71,"column":5}},"type":"if","locations":[{"start":{"line":69,"column":4},"end":{"line":71,"column":5}},{"start":{},"end":{}}],"line":69},"3":{"loc":{"start":{"line":87,"column":4},"end":{"line":89,"column":5}},"type":"if","locations":[{"start":{"line":87,"column":4},"end":{"line":89,"column":5}},{"start":{},"end":{}}],"line":87},"4":{"loc":{"start":{"line":99,"column":6},"end":{"line":103,"column":7}},"type":"if","locations":[{"start":{"line":99,"column":6},"end":{"line":103,"column":7}},{"start":{},"end":{}}],"line":99},"5":{"loc":{"start":{"line":129,"column":4},"end":{"line":131,"column":5}},"type":"if","locations":[{"start":{"line":129,"column":4},"end":{"line":131,"column":5}},{"start":{},"end":{}}],"line":129}},"s":{"0":6,"1":2,"2":2,"3":2,"4":2,"5":1,"6":1,"7":1,"8":3,"9":3,"10":3,"11":3,"12":2,"13":1,"14":1,"15":2,"16":3,"17":3,"18":3,"19":3,"20":1,"21":1,"22":2,"23":2,"24":3,"25":3,"26":3,"27":3,"28":3,"29":1,"30":2,"31":2,"32":1,"33":1,"34":2,"35":3,"36":3,"37":3,"38":3,"39":3,"40":1,"41":2,"42":2,"43":2,"44":2,"45":4,"46":4,"47":4,"48":4,"49":2,"50":2,"51":2,"52":2,"53":1,"54":2,"55":3,"56":3,"57":3,"58":3,"59":2,"60":1,"61":1,"62":2,"63":6},"f":{"0":2,"1":3,"2":3,"3":3,"4":3,"5":3},"b":{"0":[1,1],"1":[1,2],"2":[1,1],"3":[1,2],"4":[4,0],"5":[1,1]},"_coverageSchema":"1a1c01bbd47fc00a2c39e90264f33305004495a9","hash":"4ef8655243b05a7a6646e8041d0aa313919c7c93"}
}
