TN:
SF:src\config\database.js
FNF:0
FNH:0
DA:1,6
DA:2,6
DA:4,6
DA:11,6
LF:4
LH:4
BRF:0
BRH:0
end_of_record
TN:
SF:src\services\usuarioService.js
FN:4,createUser
FN:25,getUser
FN:43,deleteUser
FN:57,loginUser
FN:80,updateUser
FN:122,updateProfileImage
FNF:6
FNH:6
FNDA:2,createUser
FNDA:3,getUser
FNDA:3,deleteUser
FNDA:3,loginUser
FNDA:3,updateUser
FNDA:3,updateProfileImage
DA:1,6
DA:5,2
DA:9,2
DA:10,2
DA:16,2
DA:18,1
DA:19,1
DA:21,1
DA:26,3
DA:28,3
DA:29,3
DA:31,3
DA:33,2
DA:34,1
DA:37,1
DA:39,2
DA:44,3
DA:45,3
DA:46,3
DA:47,3
DA:49,1
DA:50,1
DA:52,2
DA:53,2
DA:58,3
DA:59,3
DA:60,3
DA:61,3
DA:63,3
DA:64,1
DA:67,2
DA:69,2
DA:70,1
DA:74,1
DA:76,2
DA:81,3
DA:83,3
DA:84,3
DA:85,3
DA:87,3
DA:88,1
DA:92,2
DA:93,2
DA:94,2
DA:97,2
DA:99,4
DA:100,4
DA:101,4
DA:102,4
DA:107,2
DA:110,2
DA:111,2
DA:114,2
DA:116,1
DA:118,2
DA:123,3
DA:125,3
DA:126,3
DA:127,3
DA:129,2
DA:130,1
DA:133,1
DA:135,2
DA:139,6
LF:64
LH:64
BRDA:33,0,0,1
BRDA:33,0,1,1
BRDA:63,1,0,1
BRDA:63,1,1,2
BRDA:69,2,0,1
BRDA:69,2,1,1
BRDA:87,3,0,1
BRDA:87,3,1,2
BRDA:99,4,0,4
BRDA:99,4,1,0
BRDA:129,5,0,1
BRDA:129,5,1,1
BRF:12
BRH:11
end_of_record
